<?xml version="1.0" encoding="UTF-8"?>
<!-- Generated by org.testng.reporters.JUnitReportReporter -->
<testsuite hostname="Admins-Mac-mini.local" failures="0" tests="2" name="Test1.uiTest" time="0.023" errors="0" timestamp="2023-04-26T17:47:26 IST" skipped="0">
  <testcase classname="Test1.uiTest" name="bloginTest" time="0.012"/>
  <system-out/>
  <testcase classname="Test1.uiTest" name="alogoutTest" time="0.011"/>
  <system-out/>
</testsuite> <!-- Test1.uiTest -->
